{"C:\\Users\\james\\Documents\\Git\\KoodooSolution\\balanceHistory.js": {"path":"C:\\Users\\james\\Documents\\Git\\KoodooSolution\\balanceHistory.js","statementMap":{"0":{"start":{"line":2,"column":0},"end":{"line":32,"column":1}},"1":{"start":{"line":14,"column":19},"end":{"line":14,"column":47}},"2":{"start":{"line":15,"column":4},"end":{"line":17,"column":5}},"3":{"start":{"line":16,"column":8},"end":{"line":16,"column":32}},"4":{"start":{"line":19,"column":25},"end":{"line":19,"column":72}},"5":{"start":{"line":20,"column":18},"end":{"line":20,"column":82}},"6":{"start":{"line":22,"column":4},"end":{"line":28,"column":5}},"7":{"start":{"line":22,"column":17},"end":{"line":22,"column":18}},"8":{"start":{"line":24,"column":19},"end":{"line":24,"column":118}},"9":{"start":{"line":25,"column":8},"end":{"line":27,"column":9}},"10":{"start":{"line":26,"column":12},"end":{"line":26,"column":22}},"11":{"start":{"line":30,"column":4},"end":{"line":30,"column":15}}},"fnMap":{"0":{"name":"(anonymous_0)","decl":{"start":{"line":3,"column":24},"end":{"line":3,"column":25}},"loc":{"start":{"line":3,"column":51},"end":{"line":31,"column":3}},"line":3}},"branchMap":{"0":{"loc":{"start":{"line":15,"column":4},"end":{"line":17,"column":5}},"type":"if","locations":[{"start":{"line":15,"column":4},"end":{"line":17,"column":5}},{"start":{"line":15,"column":4},"end":{"line":17,"column":5}}],"line":15},"1":{"loc":{"start":{"line":25,"column":8},"end":{"line":27,"column":9}},"type":"if","locations":[{"start":{"line":25,"column":8},"end":{"line":27,"column":9}},{"start":{"line":25,"column":8},"end":{"line":27,"column":9}}],"line":25}},"s":{"0":1,"1":3,"2":3,"3":1,"4":2,"5":2,"6":2,"7":2,"8":3,"9":3,"10":1,"11":1},"f":{"0":3},"b":{"0":[1,2],"1":[1,2]},"_coverageSchema":"1a1c01bbd47fc00a2c39e90264f33305004495a9","hash":"bac76bb4ed9c3bd7ff07701827f67d3627570d67"}
}
